[main] INFO  ebanking  - URL is opened
[main] INFO  ebanking  - Username is entered
[main] INFO  ebanking  - Password is entered
[main] INFO  ebanking  - Login button is clicked
[main] INFO  ebanking  - Home page title is printed
[main] INFO  ebanking  - URL is opened
[main] INFO  ebanking  - Username is entered
[main] INFO  ebanking  - Password is entered
[main] INFO  ebanking  - Login button is clicked
[main] INFO  ebanking  - Home page title is printed
[main] INFO  ebanking  - URL is opened
[main] INFO  ebanking  - Username is entered
[main] INFO  ebanking  - Password is entered
[main] INFO  ebanking  - Login button is clicked
[main] INFO  ebanking  - Home page title is printed
[main] INFO  ebanking  - URL is opened
[main] INFO  ebanking  - Username is entered
[main] INFO  ebanking  - Password is entered
[main] INFO  ebanking  - Login button is clicked
[main] INFO  ebanking  - Home page title is printed
[main] INFO  ebanking  - URL is opened
[main] INFO  ebanking  - Username is entered
[main] INFO  ebanking  - Password is entered
[main] INFO  ebanking  - Login button is clicked
[main] INFO  ebanking  - Home page title is printed
[main] INFO  ebanking  - URL is opened
[main] INFO  ebanking  - Username is entered
[main] INFO  ebanking  - Password is entered
[main] INFO  ebanking  - Login button is clicked
[main] INFO  ebanking  - Home page title is printed
[main] INFO  ebanking  - Login test is passed
